<?xml version="1.0" encoding="UTF-8"?>
<!-- Generated by org.testng.reporters.JUnitReportReporter -->
<testsuite hostname="Paras_Khurana" failures="0" tests="2" name="TestCases.loginTestCase" time="8.198" errors="0" timestamp="2023-06-02T17:10:37 IST" skipped="0">
  <testcase classname="TestCases.loginTestCase" name="statusCode" time="1.588"/>
  <system-out/>
  <testcase classname="TestCases.loginTestCase" name="launchBrowser" time="6.610"/>
  <system-out/>
</testsuite> <!-- TestCases.loginTestCase -->
