<?xml version="1.0" encoding="UTF-8"?>
<!-- Generated by org.testng.reporters.JUnitReportReporter -->
<testsuite hostname="Paras_Khurana" failures="0" tests="1" name="pages.loginPage" time="3.262" errors="0" timestamp="2023-06-06T12:24:34 IST" skipped="0">
  <testcase classname="pages.loginPage" name="loginwebsite" time="3.262"/>
  <system-out/>
</testsuite> <!-- pages.loginPage -->
